  HornetHP.cpp
  Hornet.cpp
d:\github\megamanx3\megamanx3\demodirectx\gameobjects\boss\hornet.cpp(127): warning C4244: '=': conversion from 'float' to 'int', possible loss of data
d:\github\megamanx3\megamanx3\demodirectx\gameobjects\boss\hornet.cpp(138): warning C4244: 'argument': conversion from 'LONG' to 'float', possible loss of data
d:\github\megamanx3\megamanx3\demodirectx\gameobjects\boss\hornet.cpp(143): warning C4244: 'argument': conversion from 'LONG' to 'float', possible loss of data
d:\github\megamanx3\megamanx3\demodirectx\gameobjects\boss\hornet.cpp(150): warning C4244: 'argument': conversion from 'LONG' to 'float', possible loss of data
d:\github\megamanx3\megamanx3\demodirectx\gameobjects\boss\hornet.cpp(151): warning C4244: 'argument': conversion from 'LONG' to 'float', possible loss of data
d:\github\megamanx3\megamanx3\demodirectx\gameobjects\boss\hornet.cpp(159): warning C4018: '<': signed/unsigned mismatch
d:\github\megamanx3\megamanx3\demodirectx\gameobjects\boss\hornet.cpp(179): warning C4018: '<': signed/unsigned mismatch
d:\github\megamanx3\megamanx3\demodirectx\gameobjects\boss\hornet.cpp(195): warning C4244: 'argument': conversion from 'int' to 'float', possible loss of data
d:\github\megamanx3\megamanx3\demodirectx\gameobjects\boss\hornet.cpp(261): warning C4244: 'initializing': conversion from 'float' to 'int', possible loss of data
d:\github\megamanx3\megamanx3\demodirectx\gameobjects\boss\hornet.cpp(262): warning C4244: 'initializing': conversion from 'float' to 'int', possible loss of data
d:\github\megamanx3\megamanx3\demodirectx\gameobjects\boss\hornet.cpp(263): warning C4244: 'initializing': conversion from 'int' to 'float', possible loss of data
d:\github\megamanx3\megamanx3\demodirectx\gameobjects\boss\hornet.cpp(264): warning C4244: 'initializing': conversion from 'int' to 'float', possible loss of data
d:\github\megamanx3\megamanx3\demodirectx\gameobjects\boss\hornet.cpp(282): warning C4018: '<': signed/unsigned mismatch
d:\github\megamanx3\megamanx3\demodirectx\gameobjects\boss\hornet.cpp(310): warning C4018: '<': signed/unsigned mismatch
d:\github\megamanx3\megamanx3\demodirectx\gameobjects\boss\hornet.cpp(319): warning C4018: '<': signed/unsigned mismatch
d:\github\megamanx3\megamanx3\demodirectx\gameobjects\boss\hornet.cpp(321): warning C4244: 'argument': conversion from 'int' to 'float', possible loss of data
d:\github\megamanx3\megamanx3\demodirectx\gameobjects\boss\hornet.cpp(333): warning C4244: 'argument': conversion from 'int' to 'float', possible loss of data
d:\github\megamanx3\megamanx3\demodirectx\gameobjects\boss\hornet.cpp(335): warning C4244: 'argument': conversion from 'int' to 'float', possible loss of data
d:\github\megamanx3\megamanx3\demodirectx\gameobjects\boss\hornet.cpp(345): warning C4244: 'argument': conversion from 'int' to 'float', possible loss of data
  Generating Code...
  Skipping... (no relevant changes detected)
  DemoScene.cpp
  bullet.cpp
  PlayerStandingState.cpp
  PlayerSpawingState.cpp
  PlayerRunningState.cpp
  PlayerJumpingState.cpp
  PlayerFallingState.cpp
  PlayerDeathState.cpp
  PlayerDashState.cpp
  PlayerDameState.cpp
  PlayerClingingState.cpp
  PlayerClingingJState.cpp
  Player.cpp
  Helit.cpp
  ChildHornet.cpp
  ChangeBulletEffect.cpp
  Genjibo.cpp
  Byte.cpp
  GameMap.cpp
  Game.cpp
  DemoDirectX.vcxproj -> D:\GitHub\MegamanX3\MegamanX3\Debug\DemoDirectX.exe
  DemoDirectX.vcxproj -> D:\GitHub\MegamanX3\MegamanX3\Debug\DemoDirectX.pdb (Full PDB)
