c:\users\danhypc\desktop\megamanx3\demodirectx\debug\vc140.pdb
c:\users\danhypc\desktop\megamanx3\demodirectx\debug\vc140.idb
c:\users\danhypc\desktop\megamanx3\demodirectx\debug\base64.obj
c:\users\danhypc\desktop\megamanx3\demodirectx\debug\tinyxml2.obj
c:\users\danhypc\desktop\megamanx3\demodirectx\debug\tmxellipse.obj
c:\users\danhypc\desktop\megamanx3\demodirectx\debug\tmximage.obj
c:\users\danhypc\desktop\megamanx3\demodirectx\debug\tmximagelayer.obj
c:\users\danhypc\desktop\megamanx3\demodirectx\debug\tmxlayer.obj
c:\users\danhypc\desktop\megamanx3\demodirectx\debug\tmxmap.obj
c:\users\danhypc\desktop\megamanx3\demodirectx\debug\tmxobject.obj
c:\users\danhypc\desktop\megamanx3\demodirectx\debug\tmxobjectgroup.obj
c:\users\danhypc\desktop\megamanx3\demodirectx\debug\tmxpolygon.obj
c:\users\danhypc\desktop\megamanx3\demodirectx\debug\tmxpolyline.obj
c:\users\danhypc\desktop\megamanx3\demodirectx\debug\tmxpropertyset.obj
c:\users\danhypc\desktop\megamanx3\demodirectx\debug\tmxterrain.obj
c:\users\danhypc\desktop\megamanx3\demodirectx\debug\tmxterrainarray.obj
c:\users\danhypc\desktop\megamanx3\demodirectx\debug\tmxtile.obj
c:\users\danhypc\desktop\megamanx3\demodirectx\debug\tmxtilelayer.obj
c:\users\danhypc\desktop\megamanx3\demodirectx\debug\tmxtileoffset.obj
c:\users\danhypc\desktop\megamanx3\demodirectx\debug\tmxtileset.obj
c:\users\danhypc\desktop\megamanx3\demodirectx\debug\tmxutil.obj
c:\users\danhypc\desktop\megamanx3\demodirectx\debug\demoscene.obj
c:\users\danhypc\desktop\megamanx3\demodirectx\debug\door.obj
c:\users\danhypc\desktop\megamanx3\demodirectx\debug\elevator.obj
c:\users\danhypc\desktop\megamanx3\demodirectx\debug\escalator.obj
c:\users\danhypc\desktop\megamanx3\demodirectx\debug\gameobject.obj
c:\users\danhypc\desktop\megamanx3\demodirectx\debug\healthitem.obj
c:\users\danhypc\desktop\megamanx3\demodirectx\debug\bullet.obj
c:\users\danhypc\desktop\megamanx3\demodirectx\debug\player.obj
c:\users\danhypc\desktop\megamanx3\demodirectx\debug\playerclingingjstate.obj
c:\users\danhypc\desktop\megamanx3\demodirectx\debug\playerclingingstate.obj
c:\users\danhypc\desktop\megamanx3\demodirectx\debug\playerdamestate.obj
c:\users\danhypc\desktop\megamanx3\demodirectx\debug\playerdashstate.obj
c:\users\danhypc\desktop\megamanx3\demodirectx\debug\playerdata.obj
c:\users\danhypc\desktop\megamanx3\demodirectx\debug\playerdeathstate.obj
c:\users\danhypc\desktop\megamanx3\demodirectx\debug\playerfallingstate.obj
c:\users\danhypc\desktop\megamanx3\demodirectx\debug\playerjumpingstate.obj
c:\users\danhypc\desktop\megamanx3\demodirectx\debug\playerrunningstate.obj
c:\users\danhypc\desktop\megamanx3\demodirectx\debug\playerspawingstate.obj
c:\users\danhypc\desktop\megamanx3\demodirectx\debug\playerstandingstate.obj
c:\users\danhypc\desktop\megamanx3\demodirectx\debug\playerstate.obj
c:\users\danhypc\desktop\megamanx3\demodirectx\debug\main.obj
c:\users\danhypc\desktop\megamanx3\demodirectx\debug\changebulleteffect.obj
c:\users\danhypc\desktop\megamanx3\demodirectx\debug\deathcircle.obj
c:\users\danhypc\desktop\megamanx3\demodirectx\debug\playerflashdasheffect.obj
c:\users\danhypc\desktop\megamanx3\demodirectx\debug\playersmokedasheffect.obj
c:\users\danhypc\desktop\megamanx3\demodirectx\debug\childhornet.obj
c:\users\danhypc\desktop\megamanx3\demodirectx\debug\enemy.obj
c:\users\danhypc\desktop\megamanx3\demodirectx\debug\enemybullet.obj
c:\users\danhypc\desktop\megamanx3\demodirectx\debug\enemydata.obj
c:\users\danhypc\desktop\megamanx3\demodirectx\debug\enemystate.obj
c:\users\danhypc\desktop\megamanx3\demodirectx\debug\gunner.obj
c:\users\danhypc\desktop\megamanx3\demodirectx\debug\gunnerfallingstate.obj
c:\users\danhypc\desktop\megamanx3\demodirectx\debug\gunnerjumpingstate.obj
c:\users\danhypc\desktop\megamanx3\demodirectx\debug\gunnershootingstate.obj
c:\users\danhypc\desktop\megamanx3\demodirectx\debug\gunnerstandingstate.obj
c:\users\danhypc\desktop\megamanx3\demodirectx\debug\headgunner.obj
c:\users\danhypc\desktop\megamanx3\demodirectx\debug\headgunnershootingstate.obj
c:\users\danhypc\desktop\megamanx3\demodirectx\debug\headgunnerstandingstate.obj
c:\users\danhypc\desktop\megamanx3\demodirectx\debug\helit.obj
c:\users\danhypc\desktop\megamanx3\demodirectx\debug\entity.obj
c:\users\danhypc\desktop\megamanx3\demodirectx\debug\box.obj
c:\users\danhypc\desktop\megamanx3\demodirectx\debug\animation.obj
c:\users\danhypc\desktop\megamanx3\demodirectx\debug\camera.obj
c:\users\danhypc\desktop\megamanx3\demodirectx\debug\collisionmanager.obj
c:\users\danhypc\desktop\megamanx3\demodirectx\debug\game.obj
c:\users\danhypc\desktop\megamanx3\demodirectx\debug\gamecollision.obj
c:\users\danhypc\desktop\megamanx3\demodirectx\debug\gameglobal.obj
c:\users\danhypc\desktop\megamanx3\demodirectx\debug\gamemap.obj
c:\users\danhypc\desktop\megamanx3\demodirectx\debug\gametime.obj
c:\users\danhypc\desktop\megamanx3\demodirectx\debug\quadtree.obj
c:\users\danhypc\desktop\megamanx3\demodirectx\debug\scene.obj
c:\users\danhypc\desktop\megamanx3\demodirectx\debug\sprite.obj
c:\users\danhypc\desktop\megamanx3\demodirectx\debug\scenemanager.obj
c:\users\danhypc\desktop\megamanx3\demodirectx\debug\bomp.obj
c:\users\danhypc\desktop\megamanx3\demodirectx\debug\byte.obj
c:\users\danhypc\desktop\megamanx3\demodirectx\debug\genjibo.obj
c:\users\danhypc\desktop\megamanx3\demodirectx\debug\hornet.obj
c:\users\danhypc\desktop\megamanx3\demodirectx\debug\hornethp.obj
c:\users\danhypc\desktop\megamanx3\demodirectx\debug\miniz.obj
c:\users\danhypc\desktop\megamanx3\debug\demodirectx.ilk
c:\users\danhypc\desktop\megamanx3\debug\demodirectx.exe
c:\users\danhypc\desktop\megamanx3\debug\demodirectx.pdb
c:\users\danhypc\desktop\megamanx3\demodirectx\debug\demodirectx.tlog\cl.command.1.tlog
c:\users\danhypc\desktop\megamanx3\demodirectx\debug\demodirectx.tlog\cl.read.1.tlog
c:\users\danhypc\desktop\megamanx3\demodirectx\debug\demodirectx.tlog\cl.write.1.tlog
c:\users\danhypc\desktop\megamanx3\demodirectx\debug\demodirectx.tlog\link.command.1.tlog
c:\users\danhypc\desktop\megamanx3\demodirectx\debug\demodirectx.tlog\link.read.1.tlog
c:\users\danhypc\desktop\megamanx3\demodirectx\debug\demodirectx.tlog\link.write.1.tlog
