c:\users\ntd\desktop\colision\demodirectx\debug\vc141.pdb
c:\users\ntd\desktop\colision\demodirectx\debug\vc141.idb
c:\users\ntd\desktop\colision\demodirectx\debug\playerjumpingstate.obj
c:\users\ntd\desktop\colision\demodirectx\debug\playerfallingstate.obj
c:\users\ntd\desktop\colision\demodirectx\debug\playerdata.obj
c:\users\ntd\desktop\colision\demodirectx\debug\player.obj
c:\users\ntd\desktop\colision\demodirectx\debug\gameobject.obj
c:\users\ntd\desktop\colision\demodirectx\debug\bricknormal.obj
c:\users\ntd\desktop\colision\demodirectx\debug\brickgold.obj
c:\users\ntd\desktop\colision\demodirectx\debug\brick.obj
c:\users\ntd\desktop\colision\demodirectx\debug\entity.obj
c:\users\ntd\desktop\colision\demodirectx\debug\scenemanager.obj
c:\users\ntd\desktop\colision\demodirectx\debug\sprite.obj
c:\users\ntd\desktop\colision\demodirectx\debug\scene.obj
c:\users\ntd\desktop\colision\demodirectx\debug\quadtree.obj
c:\users\ntd\desktop\colision\demodirectx\debug\gametime.obj
c:\users\ntd\desktop\colision\demodirectx\debug\gamemap.obj
c:\users\ntd\desktop\colision\demodirectx\debug\gameglobal.obj
c:\users\ntd\desktop\colision\demodirectx\debug\gamecollision.obj
c:\users\ntd\desktop\colision\demodirectx\debug\game.obj
c:\users\ntd\desktop\colision\demodirectx\debug\camera.obj
c:\users\ntd\desktop\colision\demodirectx\debug\animation.obj
c:\users\ntd\desktop\colision\demodirectx\debug\tmxtilelayer.obj
c:\users\ntd\desktop\colision\demodirectx\debug\tmxtile.obj
c:\users\ntd\desktop\colision\demodirectx\debug\tmxterrainarray.obj
c:\users\ntd\desktop\colision\demodirectx\debug\tmxterrain.obj
c:\users\ntd\desktop\colision\demodirectx\debug\tmxpropertyset.obj
c:\users\ntd\desktop\colision\demodirectx\debug\tmxpolyline.obj
c:\users\ntd\desktop\colision\demodirectx\debug\tmxpolygon.obj
c:\users\ntd\desktop\colision\demodirectx\debug\tmxobjectgroup.obj
c:\users\ntd\desktop\colision\demodirectx\debug\tmxobject.obj
c:\users\ntd\desktop\colision\demodirectx\debug\tmxmap.obj
c:\users\ntd\desktop\colision\demodirectx\debug\tmxlayer.obj
c:\users\ntd\desktop\colision\demodirectx\debug\tmximagelayer.obj
c:\users\ntd\desktop\colision\demodirectx\debug\tmximage.obj
c:\users\ntd\desktop\colision\demodirectx\debug\tmxellipse.obj
c:\users\ntd\desktop\colision\demodirectx\debug\tinyxml2.obj
c:\users\ntd\desktop\colision\demodirectx\debug\base64.obj
c:\users\ntd\desktop\colision\demodirectx\debug\main.obj
c:\users\ntd\desktop\colision\demodirectx\debug\playerstate.obj
c:\users\ntd\desktop\colision\demodirectx\debug\playerstandingstate.obj
c:\users\ntd\desktop\colision\demodirectx\debug\playerrunningstate.obj
c:\users\ntd\desktop\colision\demodirectx\debug\demoscene.obj
c:\users\ntd\desktop\colision\demodirectx\debug\tmxutil.obj
c:\users\ntd\desktop\colision\demodirectx\debug\tmxtileset.obj
c:\users\ntd\desktop\colision\demodirectx\debug\tmxtileoffset.obj
c:\users\ntd\desktop\colision\demodirectx\debug\miniz.obj
c:\users\ntd\desktop\colision\demodirectx\debug\playerspawingstate.obj
c:\users\ntd\desktop\colision\demodirectx\debug\playerclingingstate.obj
c:\users\ntd\desktop\colision\demodirectx\debug\playerclingingjstate.obj
c:\users\ntd\desktop\colision\demodirectx\debug\playerdashstate.obj
c:\users\ntd\desktop\colision\demodirectx\debug\bullet.obj
c:\users\ntd\desktop\colision\debug\demodirectx.exe
c:\users\ntd\desktop\colision\debug\demodirectx.ilk
c:\users\ntd\desktop\colision\debug\demodirectx.pdb
c:\users\ntd\desktop\colision\demodirectx\debug\bullet.obj.enc
c:\users\ntd\desktop\colision\demodirectx\debug\demoscene.obj.enc
c:\users\ntd\desktop\colision\demodirectx\debug\player.obj.enc
c:\users\ntd\desktop\colision\demodirectx\debug\playerclingingstate.obj.enc
c:\users\ntd\desktop\colision\demodirectx\debug\demodirectx.tlog\cl.command.1.tlog
c:\users\ntd\desktop\colision\demodirectx\debug\demodirectx.tlog\cl.read.1.tlog
c:\users\ntd\desktop\colision\demodirectx\debug\demodirectx.tlog\cl.write.1.tlog
c:\users\ntd\desktop\colision\demodirectx\debug\demodirectx.tlog\link.command.1.tlog
c:\users\ntd\desktop\colision\demodirectx\debug\demodirectx.tlog\link.read.1.tlog
c:\users\ntd\desktop\colision\demodirectx\debug\demodirectx.tlog\link.write.1.tlog
